<?xml version="1.0" encoding="UTF-8"?>
<testsuite xmlns:xsi="http://www.w3.org/2001/XMLSchema-instance" xsi:noNamespaceSchemaLocation="https://maven.apache.org/surefire/maven-surefire-plugin/xsd/surefire-test-report-3.0.xsd" version="3.0" name="co.edu.upb.projectfizzbuzz.FizzBuzzTest" time="0.138" tests="4" errors="0" skipped="0" failures="0">
  <properties>
[...]
</properties>
  <testcase name="mustReturnFizzWhenAMultipleOf3" classname="co.edu.upb.projectfizzbuzz.FizzBuzzTest" time="0.015"/>
  <testcase name="mustReturnBuzzWhenAMultipleOf5" classname="co.edu.upb.projectfizzbuzz.FizzBuzzTest" time="0.0"/>
  <testcase name="mustReturnFizzBuzzWhenAMultipleOf3And5" classname="co.edu.upb.projectfizzbuzz.FizzBuzzTest" time="0.001"/>
  <testcase name="mustReturnNumbersWhenNotAMultipleOf3Or5" classname="co.edu.upb.projectfizzbuzz.FizzBuzzTest" time="0.0"/>
</testsuite>